Determining if the pthread_create exist failed with the following output:
Change Dir: /home/metal-box/Desktop/succesfull_review/CarND-Capstone-release-1.1/ros/build/CMakeFiles/CMakeTmp

Run Build Command:"/usr/bin/make" "cmTryCompileExec1395905109/fast"
/usr/bin/make -f CMakeFiles/cmTryCompileExec1395905109.dir/build.make CMakeFiles/cmTryCompileExec1395905109.dir/build
make[1]: Entering directory '/home/metal-box/Desktop/succesfull_review/CarND-Capstone-release-1.1/ros/build/CMakeFiles/CMakeTmp'
/usr/local/bin/cmake -E cmake_progress_report /home/metal-box/Desktop/succesfull_review/CarND-Capstone-release-1.1/ros/build/CMakeFiles/CMakeTmp/CMakeFiles 1
Building C object CMakeFiles/cmTryCompileExec1395905109.dir/CheckSymbolExists.c.o
/usr/bin/cc    -o CMakeFiles/cmTryCompileExec1395905109.dir/CheckSymbolExists.c.o   -c /home/metal-box/Desktop/succesfull_review/CarND-Capstone-release-1.1/ros/build/CMakeFiles/CMakeTmp/CheckSymbolExists.c
Linking C executable cmTryCompileExec1395905109
/usr/local/bin/cmake -E cmake_link_script CMakeFiles/cmTryCompileExec1395905109.dir/link.txt --verbose=1
/usr/bin/cc       CMakeFiles/cmTryCompileExec1395905109.dir/CheckSymbolExists.c.o  -o cmTryCompileExec1395905109 -rdynamic 
CMakeFiles/cmTryCompileExec1395905109.dir/CheckSymbolExists.c.o: In function `main':
CheckSymbolExists.c:(.text+0x16): undefined reference to `pthread_create'
collect2: error: ld returned 1 exit status
CMakeFiles/cmTryCompileExec1395905109.dir/build.make:88: recipe for target 'cmTryCompileExec1395905109' failed
make[1]: *** [cmTryCompileExec1395905109] Error 1
make[1]: Leaving directory '/home/metal-box/Desktop/succesfull_review/CarND-Capstone-release-1.1/ros/build/CMakeFiles/CMakeTmp'
Makefile:117: recipe for target 'cmTryCompileExec1395905109/fast' failed
make: *** [cmTryCompileExec1395905109/fast] Error 2

File /home/metal-box/Desktop/succesfull_review/CarND-Capstone-release-1.1/ros/build/CMakeFiles/CMakeTmp/CheckSymbolExists.c:
/* */
#include <pthread.h>

int main(int argc, char** argv)
{
  (void)argv;
#ifndef pthread_create
  return ((int*)(&pthread_create))[argc];
#else
  (void)argc;
  return 0;
#endif
}

Determining if the function pthread_create exists in the pthreads failed with the following output:
Change Dir: /home/metal-box/Desktop/succesfull_review/CarND-Capstone-release-1.1/ros/build/CMakeFiles/CMakeTmp

Run Build Command:"/usr/bin/make" "cmTryCompileExec694605050/fast"
/usr/bin/make -f CMakeFiles/cmTryCompileExec694605050.dir/build.make CMakeFiles/cmTryCompileExec694605050.dir/build
make[1]: Entering directory '/home/metal-box/Desktop/succesfull_review/CarND-Capstone-release-1.1/ros/build/CMakeFiles/CMakeTmp'
/usr/local/bin/cmake -E cmake_progress_report /home/metal-box/Desktop/succesfull_review/CarND-Capstone-release-1.1/ros/build/CMakeFiles/CMakeTmp/CMakeFiles 1
Building C object CMakeFiles/cmTryCompileExec694605050.dir/CheckFunctionExists.c.o
/usr/bin/cc   -DCHECK_FUNCTION_EXISTS=pthread_create   -o CMakeFiles/cmTryCompileExec694605050.dir/CheckFunctionExists.c.o   -c /usr/local/share/cmake-3.2/Modules/CheckFunctionExists.c
Linking C executable cmTryCompileExec694605050
/usr/local/bin/cmake -E cmake_link_script CMakeFiles/cmTryCompileExec694605050.dir/link.txt --verbose=1
/usr/bin/cc   -DCHECK_FUNCTION_EXISTS=pthread_create    CMakeFiles/cmTryCompileExec694605050.dir/CheckFunctionExists.c.o  -o cmTryCompileExec694605050 -rdynamic -lpthreads 
/usr/bin/ld: cannot find -lpthreads
collect2: error: ld returned 1 exit status
CMakeFiles/cmTryCompileExec694605050.dir/build.make:88: recipe for target 'cmTryCompileExec694605050' failed
make[1]: *** [cmTryCompileExec694605050] Error 1
make[1]: Leaving directory '/home/metal-box/Desktop/succesfull_review/CarND-Capstone-release-1.1/ros/build/CMakeFiles/CMakeTmp'
Makefile:117: recipe for target 'cmTryCompileExec694605050/fast' failed
make: *** [cmTryCompileExec694605050/fast] Error 2


